find_ffmpeg failed, using the integrated library.
[15567:15567:0213/085646.951874:ERROR:brand_package_util.cc(110)] Failed to verify partner_config signature, config will be ignored
Using log file /tmp/vmware-eroot/vmware-horizon-client-15574.log
2024-02-13 05:56:47 Loading main app package /opt/Obsidian/resources/obsidian.asar
[15567:15567:0213/085647.122551:ERROR:isolated_origin_util.cc(74)] Ignoring port number in isolated origin: chrome://custo
[15567:15567:0213/085647.122658:ERROR:child_process_security_policy_impl.cc(2137)] Invalid isolated origin: 
[15567:15567:0213/085647.182034:ERROR:policy_logger.cc(154)] :chrome_browser_cloud_management_controller.cc(299) Cloud management controller initialization aborted as CBCM is not enabled.
Gtk-Message: 08:56:47.204: Failed to load module "xapp-gtk3-module"
Gtk-Message: 08:56:47.204: Not loading module "atk-bridge": The functionality is provided by GTK natively. Please try to not load it.
[15567:15683:0213/085647.271200:ERROR:cprocsp_api.cc(847)] Failed to load library /opt/cprocsp/lib/amd64/libcapi20.so: /opt/cprocsp/lib/amd64/libcapi20.so: cannot open shared object file: No such file or directory

(firefox:15561): Gtk-WARNING **: 08:56:47.343: GTK+ module /snap/firefox/3216/gnome-platform/usr/lib/gtk-2.0/modules/libcanberra-gtk-module.so cannot be loaded.
GTK+ 2.x symbols detected. Using GTK+ 2.x and GTK+ 3 in the same process is not supported.
Gtk-Message: 08:56:47.343: Failed to load module "canberra-gtk-module"

(firefox:15561): Gtk-WARNING **: 08:56:47.348: GTK+ module /snap/firefox/3216/gnome-platform/usr/lib/gtk-2.0/modules/libcanberra-gtk-module.so cannot be loaded.
GTK+ 2.x symbols detected. Using GTK+ 2.x and GTK+ 3 in the same process is not supported.
Gtk-Message: 08:56:47.349: Failed to load module "canberra-gtk-module"
2024-02-13 05:56:47 Checking for update using Github
[ImapModuleLoader] Using nsImapService.cpp
[15871:15933:0213/085647.606806:ERROR:cprocsp_api.cc(847)] Failed to load library /opt/cprocsp/lib/amd64/libcapi20.so: /opt/cprocsp/lib/amd64/libcapi20.so: cannot open shared object file: No such file or directory
[16191:16191:0213/085647.653608:ERROR:cprocsp_api.cc(847)] Failed to load library /opt/cprocsp/lib/amd64/libcapi20.so: /opt/cprocsp/lib/amd64/libcapi20.so: cannot open shared object file: No such file or directory
2024-02-13 05:56:47 Success.
2024-02-13 05:56:47 Latest version is 1.5.3
2024-02-13 05:56:47 App is up to date.
ATTENTION: default value of option mesa_glthread overridden by environment.
ATTENTION: default value of option mesa_glthread overridden by environment.
ATTENTION: default value of option mesa_glthread overridden by environment.
ATTENTION: default value of option mesa_glthread overridden by environment.
[ERROR:flutter/shell/platform/embedder/embedder_surface_gl.cc(121)] Could not create a resource context for async texture uploads. Expect degraded performance. Set a valid make_resource_current callback on FlutterOpenGLRendererConfig.
[ERROR:flutter/shell/platform/embedder/embedder_surface_gl.cc(121)] Could not create a resource context for async texture uploads. Expect degraded performance. Set a valid make_resource_current callback on FlutterOpenGLRendererConfig.
flutter: !!!!!!! LoadTimeData: {"brandId":"yandex","flutterSuggestResizeAlgo":"","smartboxDeleteSuggestItem":"Remove suggestion","smartboxSuggestAdLabelText":"advertisement","smartboxSuggestAdsEnabled":false,"smartboxSuggestMaxMatchesCount":10,"smartboxSuggestRichFactEnabled":false,"smartboxSuggestSwitchToTabButtonShortText":"Tab","smartboxSuggestSwitchToTabButtonText":"Switch to tab","smartboxSuggestYandexZenMatchTitle":"Yandex Search, Zen, News","smartboxTabManagerButtonEnabled":false,"smartboxUiConfigEnabled":false,"smartboxYandexZenLogoChangeEnabled":false,"smartboxYandexZenLogoEnabled":true,"smartboxYandexZenTitleEnabled":true}
flutter: Send pageReady: null
flutter: "SmartboxClient@538851788 incoming message: update-search-panel-keywords"
console.debug: "Found 0 public keys and 0 secret keys (0 protected, 0 unprotected)"
console.debug: "Successfully loaded optional OpenPGP library libgpgme.so.11 from system's standard library locations"
console.debug: "gpgme version: 1.18.0"
(node:15566) UnhandledPromiseRejectionWarning: Error: An object could not be cloned.
    at t.ipcRendererInternal.send (node:electron/js2c/renderer_init:2:11558)
    at EventEmitter.<anonymous> (node:electron/js2c/renderer_init:2:11030)
(Use `x5_rooms --trace-warnings ...` to show where the warning was created)
(node:15566) UnhandledPromiseRejectionWarning: Unhandled promise rejection. This error originated either by throwing inside of an async function without a catch block, or by rejecting a promise which was not handled with .catch(). To terminate the node process on unhandled promise rejection, use the CLI flag `--unhandled-rejections=strict` (see https://nodejs.org/api/cli.html#cli_unhandled_rejections_mode). (rejection id: 1)
[15567:15683:0213/085649.779768:ERROR:upgrade_detector_impl.cc(539)] Unexpected product version output: find_ffmpeg failed, using the integrated library.
23.11.3.975

Signal received.
One child process has exited.
libGL error: MESA-LOADER: failed to open radeonsi: /usr/lib/dri/radeonsi_dri.so: cannot open shared object file: No such file or directory (search paths /usr/lib/x86_64-linux-gnu/dri:\$${ORIGIN}/dri:/usr/lib/dri, suffix _dri)
libGL error: failed to load driver: radeonsi
libGL error: MESA-LOADER: failed to open radeonsi: /usr/lib/dri/radeonsi_dri.so: cannot open shared object file: No such file or directory (search paths /usr/lib/x86_64-linux-gnu/dri:\$${ORIGIN}/dri:/usr/lib/dri, suffix _dri)
libGL error: failed to load driver: radeonsi
libGL error: MESA-LOADER: failed to open swrast: /usr/lib/dri/swrast_dri.so: cannot open shared object file: No such file or directory (search paths /usr/lib/x86_64-linux-gnu/dri:\$${ORIGIN}/dri:/usr/lib/dri, suffix _dri)
libGL error: failed to load driver: swrast
Failed to open VDPAU backend libvdpau_radeonsi.so: cannot open shared object file: No such file or directory
Failed to open VDPAU backend libvdpau_radeonsi.so: cannot open shared object file: No such file or directory
Failed to open VDPAU backend libvdpau_radeonsi.so: cannot open shared object file: No such file or directory
Warning: terminator_CreateInstance: Failed to CreateInstance in ICD 2.  Skipping ICD.
flutter: "SmartboxClient@538851788 incoming message: update-theme"
flutter: "SmartboxClient@538851788 incoming message: update-suggest"
flutter: Send sendHistogram: [Smartbox.CharTypedToSuggestLatency, 0, 2]
flutter: Send suggestReceived: 0
flutter: "SmartboxClient@538851788 incoming message: update-suggest"
flutter: Send suggestReceived: 1
flutter: Send sendHistogram: [Smartbox.CharTypedToRepaintLatency, 0, 4]
flutter: Send sendHistogram: [Smartbox.CharTypedToRepaintLatencyByInputLength.Many, 0, 4]
flutter: "SmartboxClient@538851788 incoming message: update-theme"
flutter: Send suggestHeightChanged: 140
flutter: "SmartboxClient@538851788 incoming message: update-suggest"
flutter: Send suggestReceived: 2
[15567:15684:0213/092844.953670:ERROR:passman_store_impl.cc(1362)] No encryptor.
[17263:30:0213/093024.644777:ERROR:srtp_transport.cc(216)] Failed to unprotect RTP packet: size=105, seqnum=20730, SSRC=87607, previous failure count: 0
[17263:30:0213/093100.287515:ERROR:port.cc(377)] Port[fbb4700:1:1:0:local:Net[wlp1s0:192.168.1.x/24:Wifi:id=1]]: Received non-STUN packet from unknown address: 52.114.241.x:3478
[17263:30:0213/094241.892618:ERROR:srtp_transport.cc(242)] Failed to unprotect RTCP packet: size=52, type=205
[17263:30:0213/095142.534227:ERROR:srtp_transport.cc(242)] Failed to unprotect RTCP packet: size=48, type=205
console.error: ({})
[ERROR style::stylesheets::rule_parser] Saw @import rule, but no way to trigger the load
[ERROR style::stylesheets::rule_parser] Saw @import rule, but no way to trigger the load
[ERROR style::stylesheets::rule_parser] Saw @import rule, but no way to trigger the load
[ERROR style::stylesheets::rule_parser] Saw @import rule, but no way to trigger the load
2024-02-13 06:56:47 Checking for update using Github
2024-02-13 06:56:47 Success.
2024-02-13 06:56:47 Latest version is 1.5.3
2024-02-13 06:56:47 App is up to date.
[15567:15682:0213/095649.830135:ERROR:upgrade_detector_impl.cc(539)] Unexpected product version output: find_ffmpeg failed, using the integrated library.
23.11.3.975

flutter: "SmartboxClient@538851788 incoming message: update-suggest"
flutter: Send sendHistogram: [Smartbox.CharTypedToSuggestLatency, 0, 3]
flutter: Send suggestReceived: 3
flutter: Send sendHistogram: [Smartbox.CharTypedToRepaintLatency, 0, 8]
flutter: Send sendHistogram: [Smartbox.CharTypedToRepaintLatencyByInputLength.1, 0, 8]
flutter: "SmartboxClient@538851788 incoming message: update-suggest"
flutter: Send suggestReceived: 4
flutter: "SmartboxClient@538851788 incoming message: update-theme"
flutter: "SmartboxClient@538851788 incoming message: update-theme"
flutter: Send suggestHeightChanged: 420
flutter: "SmartboxClient@538851788 incoming message: update-suggest"
flutter: Send sendHistogram: [Smartbox.CharTypedToSuggestLatency, 0, 3]
flutter: Send suggestReceived: 5
flutter: "SmartboxClient@538851788 incoming message: update-suggest"
flutter: Send suggestReceived: 6
flutter: Send sendHistogram: [Smartbox.CharTypedToRepaintLatency, 0, 19]
flutter: Send sendHistogram: [Smartbox.CharTypedToRepaintLatencyByInputLength.2, 0, 19]
flutter: Send suggestHeightChanged: 140
flutter: "SmartboxClient@538851788 incoming message: update-suggest"
flutter: Send sendHistogram: [Smartbox.CharTypedToSuggestLatency, 0, 1]
flutter: Send suggestReceived: 7
flutter: "SmartboxClient@538851788 incoming message: update-suggest"
flutter: Send suggestReceived: 8
flutter: Send sendHistogram: [Smartbox.CharTypedToRepaintLatency, 0, 1]
flutter: Send sendHistogram: [Smartbox.CharTypedToRepaintLatencyByInputLength.3, 0, 1]
flutter: "SmartboxClient@538851788 incoming message: update-suggest"
flutter: Send sendHistogram: [Smartbox.CharTypedToSuggestLatency, 0, 1]
flutter: Send suggestReceived: 9
flutter: "SmartboxClient@538851788 incoming message: update-suggest"
flutter: Send suggestReceived: 10
flutter: Send sendHistogram: [Smartbox.CharTypedToRepaintLatency, 0, 1]
flutter: Send sendHistogram: [Smartbox.CharTypedToRepaintLatencyByInputLength.4, 0, 1]
flutter: Send suggestHeightChanged: 100
flutter: "SmartboxClient@538851788 incoming message: update-suggest"
flutter: Send sendHistogram: [Smartbox.CharTypedToSuggestLatency, 0, 1]
flutter: Send suggestReceived: 11
flutter: Send sendHistogram: [Smartbox.CharTypedToRepaintLatency, 0, 1]
flutter: Send sendHistogram: [Smartbox.CharTypedToRepaintLatencyByInputLength.5, 0, 1]
flutter: "SmartboxClient@538851788 incoming message: update-suggest"
flutter: Send suggestReceived: 12
flutter: "SmartboxClient@538851788 incoming message: update-suggest"
flutter: Send sendHistogram: [Smartbox.CharTypedToSuggestLatency, 0, 0]
flutter: Send suggestReceived: 13
flutter: "SmartboxClient@538851788 incoming message: update-suggest"
flutter: Send suggestReceived: 14
flutter: Send sendHistogram: [Smartbox.CharTypedToRepaintLatency, 0, 1]
flutter: Send sendHistogram: [Smartbox.CharTypedToRepaintLatencyByInputLength.Many, 0, 1]
flutter: "SmartboxClient@538851788 incoming message: update-suggest"
flutter: Send sendHistogram: [Smartbox.CharTypedToSuggestLatency, 0, 1]
flutter: Send suggestReceived: 15
flutter: "SmartboxClient@538851788 incoming message: update-suggest"
flutter: Send suggestReceived: 16
flutter: Send sendHistogram: [Smartbox.CharTypedToRepaintLatency, 0, 1]
flutter: Send sendHistogram: [Smartbox.CharTypedToRepaintLatencyByInputLength.Many, 0, 1]
flutter: "SmartboxClient@538851788 incoming message: update-suggest"
flutter: Send sendHistogram: [Smartbox.CharTypedToSuggestLatency, 0, 1]
flutter: Send suggestReceived: 17
flutter: "SmartboxClient@538851788 incoming message: update-suggest"
flutter: Send suggestReceived: 18
flutter: Send sendHistogram: [Smartbox.CharTypedToRepaintLatency, 0, 1]
flutter: Send sendHistogram: [Smartbox.CharTypedToRepaintLatencyByInputLength.Many, 0, 1]
flutter: "SmartboxClient@538851788 incoming message: update-suggest"
flutter: Send sendHistogram: [Smartbox.CharTypedToSuggestLatency, 0, 2]
flutter: Send suggestReceived: 19
flutter: "SmartboxClient@538851788 incoming message: update-suggest"
flutter: Send suggestReceived: 20
flutter: Send sendHistogram: [Smartbox.CharTypedToRepaintLatency, 0, 2]
flutter: Send sendHistogram: [Smartbox.CharTypedToRepaintLatencyByInputLength.Many, 0, 2]
flutter: "SmartboxClient@538851788 incoming message: update-suggest"
flutter: Send sendHistogram: [Smartbox.CharTypedToSuggestLatency, 0, 1]
flutter: Send suggestReceived: 21
flutter: "SmartboxClient@538851788 incoming message: update-suggest"
flutter: Send suggestReceived: 22
flutter: Send sendHistogram: [Smartbox.CharTypedToRepaintLatency, 0, 1]
flutter: Send sendHistogram: [Smartbox.CharTypedToRepaintLatencyByInputLength.Many, 0, 1]
flutter: "SmartboxClient@538851788 incoming message: update-suggest"
flutter: Send sendHistogram: [Smartbox.CharTypedToSuggestLatency, 0, 0]
flutter: Send suggestReceived: 23
flutter: "SmartboxClient@538851788 incoming message: update-suggest"
flutter: Send suggestReceived: 24
flutter: Send sendHistogram: [Smartbox.CharTypedToRepaintLatency, 0, 1]
flutter: Send sendHistogram: [Smartbox.CharTypedToRepaintLatencyByInputLength.Many, 0, 1]
flutter: "SmartboxClient@538851788 incoming message: update-suggest"
flutter: Send sendHistogram: [Smartbox.CharTypedToSuggestLatency, 0, 1]
flutter: Send suggestReceived: 25
flutter: "SmartboxClient@538851788 incoming message: update-suggest"
flutter: Send suggestReceived: 26
flutter: Send sendHistogram: [Smartbox.CharTypedToRepaintLatency, 0, 1]
flutter: Send sendHistogram: [Smartbox.CharTypedToRepaintLatencyByInputLength.Many, 0, 1]
flutter: "SmartboxClient@538851788 incoming message: update-suggest"
flutter: Send sendHistogram: [Smartbox.CharTypedToSuggestLatency, 0, 0]
flutter: Send suggestReceived: 27
flutter: "SmartboxClient@538851788 incoming message: update-suggest"
flutter: Send suggestReceived: 28
flutter: Send sendHistogram: [Smartbox.CharTypedToRepaintLatency, 0, 1]
flutter: Send sendHistogram: [Smartbox.CharTypedToRepaintLatencyByInputLength.Many, 0, 1]
flutter: "SmartboxClient@538851788 incoming message: update-suggest"
flutter: Send sendHistogram: [Smartbox.CharTypedToSuggestLatency, 0, 1]
flutter: Send suggestReceived: 29
flutter: "SmartboxClient@538851788 incoming message: update-suggest"
flutter: Send suggestReceived: 30
flutter: Send sendHistogram: [Smartbox.CharTypedToRepaintLatency, 0, 1]
flutter: Send sendHistogram: [Smartbox.CharTypedToRepaintLatencyByInputLength.Many, 0, 1]
flutter: "SmartboxClient@538851788 incoming message: update-suggest"
flutter: Send suggestReceived: 31
[15567:15682:0213/095820.187200:ERROR:passman_store_impl.cc(1362)] No encryptor.
[15567:15682:0213/095820.670223:ERROR:passman_store_impl.cc(1362)] No encryptor.
[15567:15683:0213/095821.660808:ERROR:passman_store_impl.cc(1362)] No encryptor.
[15567:15682:0213/095822.062591:ERROR:cert_issuer_source_aia.cc(36)] Error parsing cert retrieved from AIA (as DER):
ERROR: Failed parsing Certificate SEQUENCE
ERROR: Failed parsing Certificate

[15567:15682:0213/095822.100548:ERROR:cert_issuer_source_aia.cc(36)] Error parsing cert retrieved from AIA (as DER):
ERROR: Failed parsing Certificate SEQUENCE
ERROR: Failed parsing Certificate

[15567:15682:0213/095822.100634:ERROR:cert_verify_proc_builtin.cc(720)] CertVerifyProcBuiltin for cms-res.online.sberbank.ru failed:
----- Certificate i=2 (CN=SberCA Root Ext,O=Sberbank of Russia,C=RU) -----
ERROR: No matching issuer found


[15871:15933:0213/095822.100795:ERROR:ssl_client_socket_impl.cc(1289)] handshake failed; returned -1, SSL error code 1, net_error -202
[15567:15682:0213/095846.146904:ERROR:passman_store_impl.cc(1362)] No encryptor.
[17263:30:0213/095848.496931:ERROR:srtp_transport.cc(216)] Failed to unprotect RTP packet: size=125, seqnum=40385, SSRC=87607, previous failure count: 100
[15567:15567:0213/101031.341163:ERROR:command_buffer_proxy_impl.cc(336)] GPU state invalid after WaitForGetOffsetInRange.
Gtk-Message: 10:45:51.366: Failed to load module "xapp-gtk3-module"
Gtk-Message: 10:45:51.366: Not loading module "atk-bridge": The functionality is provided by GTK natively. Please try to not load it.

(firefox:31825): Gtk-WARNING **: 10:45:51.453: GTK+ module /snap/firefox/3216/gnome-platform/usr/lib/gtk-2.0/modules/libcanberra-gtk-module.so cannot be loaded.
GTK+ 2.x symbols detected. Using GTK+ 2.x and GTK+ 3 in the same process is not supported.
Gtk-Message: 10:45:51.453: Failed to load module "canberra-gtk-module"

(firefox:31825): Gtk-WARNING **: 10:45:51.454: GTK+ module /snap/firefox/3216/gnome-platform/usr/lib/gtk-2.0/modules/libcanberra-gtk-module.so cannot be loaded.
GTK+ 2.x symbols detected. Using GTK+ 2.x and GTK+ 3 in the same process is not supported.
Gtk-Message: 10:45:51.454: Failed to load module "canberra-gtk-module"
2024-02-13 07:56:47 Checking for update using Github
2024-02-13 07:56:47 Success.
2024-02-13 07:56:47 Latest version is 1.5.3
2024-02-13 07:56:47 App is up to date.
Failed to issue challenge:  "USB: Could not find hardware key with serial number 14256823. Please plug it in to continue."
QFSFileEngine::open: No file name specified
Failed to issue challenge:  "USB: Could not find hardware key with serial number 14256823. Please plug it in to continue."
QFSFileEngine::open: No file name specified
Failed to issue challenge:  "USB: Could not find hardware key with serial number 14256823. Please plug it in to continue."
QFSFileEngine::open: No file name specified
Failed to issue challenge:  "USB: Could not find hardware key with serial number 14256823. Please plug it in to continue."
QFSFileEngine::open: No file name specified
Failed to issue challenge:  "USB: Could not find hardware key with serial number 14256823. Please plug it in to continue."
QFSFileEngine::open: No file name specified
Failed to issue challenge:  "USB: Could not find hardware key with serial number 14256823. Please plug it in to continue."
[ERROR style::stylesheets::rule_parser] Saw @import rule, but no way to trigger the load
[ERROR style::stylesheets::rule_parser] Saw @import rule, but no way to trigger the load
Signal received.
One child process has exited.
Exiting due to channel error.
